<?xml version="1.0" encoding="UTF-8"?>
<!-- Generated by org.testng.reporters.JUnitReportReporter -->
<testsuite hostname="SFR-6086" name="CIMS.CIMS_GlobalCheck_Plus_process" tests="1" failures="0" timestamp="12 Jul 2016 10:58:30 GMT" time="124.070" errors="0">
  <testcase name="CIMS_GlobalCheckPlusprocess" time="124.070" classname="CIMS.CIMS_GlobalCheck_Plus_process"/>
</testsuite> <!-- CIMS.CIMS_GlobalCheck_Plus_process -->
