<?xml version="1.0" encoding="UTF-8"?>
<!-- Generated by org.testng.reporters.JUnitReportReporter -->
<testsuite hostname="dr13" name="CIMS.CIMS_MainPrintView" tests="1" failures="0" timestamp="15 May 2015 12:53:09 GMT" time="91.695" errors="0">
  <testcase name="CIMSMain" time="91.695" classname="CIMS.CIMS_MainPrintView"/>
</testsuite> <!-- CIMS.CIMS_MainPrintView -->
