<?xml version="1.0" encoding="UTF-8"?>
<!-- Generated by org.testng.reporters.JUnitReportReporter -->
<testsuite hostname="dr13" name="CIMS.CIMS_Printview" tests="1" failures="0" timestamp="15 May 2015 12:50:44 GMT" time="66.565" errors="0">
  <testcase name="CIMSPrintview" time="66.565" classname="CIMS.CIMS_Printview"/>
</testsuite> <!-- CIMS.CIMS_Printview -->
