<?xml version="1.0" encoding="UTF-8"?>
<!-- Generated by org.testng.reporters.JUnitReportReporter -->
<testsuite hostname="SFR-6086" name="CIMS.CIMS_ProjectInitiation_POC" tests="1" failures="0" timestamp="27 May 2016 19:41:04 GMT" time="0.000" errors="1">
  <testcase name="ProjectInitiation_POC" time="0.000" classname="CIMS.CIMS_ProjectInitiation_POC"/>
</testsuite> <!-- CIMS.CIMS_ProjectInitiation_POC -->
