<?xml version="1.0" encoding="UTF-8"?>
<!-- Generated by org.testng.reporters.JUnitReportReporter -->
<testsuite hostname="SFR-6086" name="CIMS.Reports.dashboard" tests="1" failures="0" timestamp="27 May 2016 19:41:04 GMT" time="5.534" errors="0">
  <testcase name="main" time="5.534" classname="CIMS.Reports.dashboard"/>
</testsuite> <!-- CIMS.Reports.dashboard -->
