<?xml version="1.0" encoding="UTF-8"?>
<!-- Generated by org.testng.reporters.JUnitReportReporter -->
<testsuite hostname="SFR-6086" name="CIMS.CIMS_P2PMain" tests="1" failures="0" timestamp="10 Jun 2016 19:33:38 GMT" time="0.000" errors="1">
  <testcase name="CIMSMain" time="0.000" classname="CIMS.CIMS_P2PMain"/>
</testsuite> <!-- CIMS.CIMS_P2PMain -->
