<?xml version="1.0" encoding="UTF-8"?>
<!-- Generated by org.testng.reporters.JUnitReportReporter -->
<testsuite hostname="SFR-6086" name="CIMS.Demo_old" tests="1" failures="0" timestamp="27 May 2016 19:41:04 GMT" time="0.000" errors="1">
  <testcase name="CIMSMain" time="0.000" classname="CIMS.Demo_old"/>
</testsuite> <!-- CIMS.Demo_old -->
