<?xml version="1.0" encoding="UTF-8"?>
<!-- Generated by org.testng.reporters.JUnitReportReporter -->
<testsuite hostname="SFR-6086" name="CIMS.CIMS_Company" tests="1" failures="0" timestamp="13 Jul 2016 18:23:57 GMT" time="0.000" errors="1">
  <testcase name="CIMSCompany" time="0.000" classname="CIMS.CIMS_Company"/>
</testsuite> <!-- CIMS.CIMS_Company -->
