<?xml version="1.0" encoding="UTF-8"?>
<!-- Generated by org.testng.reporters.JUnitReportReporter -->
<testsuite hostname="SFR-6086" name="CIMS.CIMS_ClearTemp" tests="1" failures="0" timestamp="13 Jul 2016 18:23:57 GMT" time="9.266" errors="0">
  <testcase name="ClearTempFiles" time="9.266" classname="CIMS.CIMS_ClearTemp"/>
</testsuite> <!-- CIMS.CIMS_ClearTemp -->
