<?xml version="1.0" encoding="UTF-8"?>
<!-- Generated by org.testng.reporters.JUnitReportReporter -->
<testsuite hostname="SFR-6086" name="CIMS.Modules.Counter.CIMS_Company_Counter" tests="1" failures="0" timestamp="27 May 2016 19:41:04 GMT" time="2.758" errors="0">
  <testcase name="CIMSCompany" time="2.758" classname="CIMS.Modules.Counter.CIMS_Company_Counter"/>
</testsuite> <!-- CIMS.Modules.Counter.CIMS_Company_Counter -->
