<?xml version="1.0" encoding="UTF-8"?>
<!-- Generated by org.testng.reporters.JUnitReportReporter -->
<testsuite hostname="SFR-6086" name="CIMS.Modules.Counter.CIMS_ProfileQuestionnaire_Counter" tests="1" failures="0" timestamp="27 May 2016 19:41:04 GMT" time="80.423" errors="0">
  <testcase name="CIMSProfileQuestionnaire" time="80.423" classname="CIMS.Modules.Counter.CIMS_ProfileQuestionnaire_Counter"/>
</testsuite> <!-- CIMS.Modules.Counter.CIMS_ProfileQuestionnaire_Counter -->
