<?xml version="1.0" encoding="UTF-8"?>
<!-- Generated by org.testng.reporters.JUnitReportReporter -->
<testsuite hostname="dr12-To-be-filled-by-O-E-M" name="CIMS.CIMS_MainCompany" tests="1" failures="1" timestamp="4 Jan 2016 13:20:24 GMT" time="0.001" errors="0">
  <testcase name="CIMSMainCompany" time="0.001" classname="CIMS.CIMS_MainCompany"/>
</testsuite> <!-- CIMS.CIMS_MainCompany -->
